Determining if the pthread_create exist failed with the following output:
Change Dir: /home/liubin/Workspace/Cpp/pcl_sketchs/02_IO/02_pcd_write/build/CMakeFiles/CMakeTmp

Run Build Command:"/usr/bin/make" "cmTC_a8aeb/fast"
/usr/bin/make -f CMakeFiles/cmTC_a8aeb.dir/build.make CMakeFiles/cmTC_a8aeb.dir/build
make[1]: Entering directory '/home/liubin/Workspace/Cpp/pcl_sketchs/02_IO/02_pcd_write/build/CMakeFiles/CMakeTmp'
Building C object CMakeFiles/cmTC_a8aeb.dir/CheckSymbolExists.c.o
/usr/bin/cc     -o CMakeFiles/cmTC_a8aeb.dir/CheckSymbolExists.c.o   -c /home/liubin/Workspace/Cpp/pcl_sketchs/02_IO/02_pcd_write/build/CMakeFiles/CMakeTmp/CheckSymbolExists.c
Linking C executable cmTC_a8aeb
/usr/bin/cmake -E cmake_link_script CMakeFiles/cmTC_a8aeb.dir/link.txt --verbose=1
/usr/bin/cc       CMakeFiles/cmTC_a8aeb.dir/CheckSymbolExists.c.o  -o cmTC_a8aeb -rdynamic 
CMakeFiles/cmTC_a8aeb.dir/CheckSymbolExists.c.o: In function `main':
CheckSymbolExists.c:(.text+0x16): undefined reference to `pthread_create'
collect2: error: ld returned 1 exit status
CMakeFiles/cmTC_a8aeb.dir/build.make:97: recipe for target 'cmTC_a8aeb' failed
make[1]: *** [cmTC_a8aeb] Error 1
make[1]: Leaving directory '/home/liubin/Workspace/Cpp/pcl_sketchs/02_IO/02_pcd_write/build/CMakeFiles/CMakeTmp'
Makefile:126: recipe for target 'cmTC_a8aeb/fast' failed
make: *** [cmTC_a8aeb/fast] Error 2

File /home/liubin/Workspace/Cpp/pcl_sketchs/02_IO/02_pcd_write/build/CMakeFiles/CMakeTmp/CheckSymbolExists.c:
/* */
#include <pthread.h>

int main(int argc, char** argv)
{
  (void)argv;
#ifndef pthread_create
  return ((int*)(&pthread_create))[argc];
#else
  (void)argc;
  return 0;
#endif
}

Determining if the function pthread_create exists in the pthreads failed with the following output:
Change Dir: /home/liubin/Workspace/Cpp/pcl_sketchs/02_IO/02_pcd_write/build/CMakeFiles/CMakeTmp

Run Build Command:"/usr/bin/make" "cmTC_35b5c/fast"
/usr/bin/make -f CMakeFiles/cmTC_35b5c.dir/build.make CMakeFiles/cmTC_35b5c.dir/build
make[1]: Entering directory '/home/liubin/Workspace/Cpp/pcl_sketchs/02_IO/02_pcd_write/build/CMakeFiles/CMakeTmp'
Building C object CMakeFiles/cmTC_35b5c.dir/CheckFunctionExists.c.o
/usr/bin/cc    -DCHECK_FUNCTION_EXISTS=pthread_create   -o CMakeFiles/cmTC_35b5c.dir/CheckFunctionExists.c.o   -c /usr/share/cmake-3.5/Modules/CheckFunctionExists.c
Linking C executable cmTC_35b5c
/usr/bin/cmake -E cmake_link_script CMakeFiles/cmTC_35b5c.dir/link.txt --verbose=1
/usr/bin/cc   -DCHECK_FUNCTION_EXISTS=pthread_create    CMakeFiles/cmTC_35b5c.dir/CheckFunctionExists.c.o  -o cmTC_35b5c -rdynamic -lpthreads 
/usr/bin/ld: cannot find -lpthreads
collect2: error: ld returned 1 exit status
CMakeFiles/cmTC_35b5c.dir/build.make:97: recipe for target 'cmTC_35b5c' failed
make[1]: *** [cmTC_35b5c] Error 1
make[1]: Leaving directory '/home/liubin/Workspace/Cpp/pcl_sketchs/02_IO/02_pcd_write/build/CMakeFiles/CMakeTmp'
Makefile:126: recipe for target 'cmTC_35b5c/fast' failed
make: *** [cmTC_35b5c/fast] Error 2


