Determining if the pthread_create exist failed with the following output:
Change Dir: /home/liubin/Workspace/Cpp/pcl_sketchs/02_IO/01_pcd_read/build/CMakeFiles/CMakeTmp

Run Build Command:"/usr/bin/make" "cmTC_dbcfd/fast"
/usr/bin/make -f CMakeFiles/cmTC_dbcfd.dir/build.make CMakeFiles/cmTC_dbcfd.dir/build
make[1]: Entering directory '/home/liubin/Workspace/Cpp/pcl_sketchs/02_IO/01_pcd_read/build/CMakeFiles/CMakeTmp'
Building C object CMakeFiles/cmTC_dbcfd.dir/CheckSymbolExists.c.o
/usr/bin/cc     -o CMakeFiles/cmTC_dbcfd.dir/CheckSymbolExists.c.o   -c /home/liubin/Workspace/Cpp/pcl_sketchs/02_IO/01_pcd_read/build/CMakeFiles/CMakeTmp/CheckSymbolExists.c
Linking C executable cmTC_dbcfd
/usr/bin/cmake -E cmake_link_script CMakeFiles/cmTC_dbcfd.dir/link.txt --verbose=1
/usr/bin/cc       CMakeFiles/cmTC_dbcfd.dir/CheckSymbolExists.c.o  -o cmTC_dbcfd -rdynamic 
CMakeFiles/cmTC_dbcfd.dir/CheckSymbolExists.c.o: In function `main':
CheckSymbolExists.c:(.text+0x16): undefined reference to `pthread_create'
collect2: error: ld returned 1 exit status
CMakeFiles/cmTC_dbcfd.dir/build.make:97: recipe for target 'cmTC_dbcfd' failed
make[1]: *** [cmTC_dbcfd] Error 1
make[1]: Leaving directory '/home/liubin/Workspace/Cpp/pcl_sketchs/02_IO/01_pcd_read/build/CMakeFiles/CMakeTmp'
Makefile:126: recipe for target 'cmTC_dbcfd/fast' failed
make: *** [cmTC_dbcfd/fast] Error 2

File /home/liubin/Workspace/Cpp/pcl_sketchs/02_IO/01_pcd_read/build/CMakeFiles/CMakeTmp/CheckSymbolExists.c:
/* */
#include <pthread.h>

int main(int argc, char** argv)
{
  (void)argv;
#ifndef pthread_create
  return ((int*)(&pthread_create))[argc];
#else
  (void)argc;
  return 0;
#endif
}

Determining if the function pthread_create exists in the pthreads failed with the following output:
Change Dir: /home/liubin/Workspace/Cpp/pcl_sketchs/02_IO/01_pcd_read/build/CMakeFiles/CMakeTmp

Run Build Command:"/usr/bin/make" "cmTC_a903f/fast"
/usr/bin/make -f CMakeFiles/cmTC_a903f.dir/build.make CMakeFiles/cmTC_a903f.dir/build
make[1]: Entering directory '/home/liubin/Workspace/Cpp/pcl_sketchs/02_IO/01_pcd_read/build/CMakeFiles/CMakeTmp'
Building C object CMakeFiles/cmTC_a903f.dir/CheckFunctionExists.c.o
/usr/bin/cc    -DCHECK_FUNCTION_EXISTS=pthread_create   -o CMakeFiles/cmTC_a903f.dir/CheckFunctionExists.c.o   -c /usr/share/cmake-3.5/Modules/CheckFunctionExists.c
Linking C executable cmTC_a903f
/usr/bin/cmake -E cmake_link_script CMakeFiles/cmTC_a903f.dir/link.txt --verbose=1
/usr/bin/cc   -DCHECK_FUNCTION_EXISTS=pthread_create    CMakeFiles/cmTC_a903f.dir/CheckFunctionExists.c.o  -o cmTC_a903f -rdynamic -lpthreads 
/usr/bin/ld: cannot find -lpthreads
collect2: error: ld returned 1 exit status
CMakeFiles/cmTC_a903f.dir/build.make:97: recipe for target 'cmTC_a903f' failed
make[1]: *** [cmTC_a903f] Error 1
make[1]: Leaving directory '/home/liubin/Workspace/Cpp/pcl_sketchs/02_IO/01_pcd_read/build/CMakeFiles/CMakeTmp'
Makefile:126: recipe for target 'cmTC_a903f/fast' failed
make: *** [cmTC_a903f/fast] Error 2


